CRITICAL - 2021-12-11 00:37:03 --> The framework needs the following extension(s) installed and loaded: intl.
#0 C:\Users\Lucas\XAMPP\htdocs\CREATE_API_REST\system\CodeIgniter.php(219): CodeIgniter\Exceptions\FrameworkException::forMissingExtension('intl')
#1 C:\Users\Lucas\XAMPP\htdocs\CREATE_API_REST\system\CodeIgniter.php(177): CodeIgniter\CodeIgniter->resolvePlatformExtensions()
#2 C:\Users\Lucas\XAMPP\htdocs\CREATE_API_REST\system\bootstrap.php(146): CodeIgniter\CodeIgniter->initialize()
#3 C:\Users\Lucas\XAMPP\htdocs\CREATE_API_REST\public\index.php(28): require('C:\\Users\\Lucas\\...')
#4 {main}
CRITICAL - 2021-12-11 00:41:33 --> The framework needs the following extension(s) installed and loaded: intl.
#0 C:\Users\Lucas\XAMPP\htdocs\CREATE_API_REST\system\CodeIgniter.php(219): CodeIgniter\Exceptions\FrameworkException::forMissingExtension('intl')
#1 C:\Users\Lucas\XAMPP\htdocs\CREATE_API_REST\system\CodeIgniter.php(177): CodeIgniter\CodeIgniter->resolvePlatformExtensions()
#2 C:\Users\Lucas\XAMPP\htdocs\CREATE_API_REST\system\bootstrap.php(146): CodeIgniter\CodeIgniter->initialize()
#3 C:\Users\Lucas\XAMPP\htdocs\CREATE_API_REST\public\index.php(28): require('C:\\Users\\Lucas\\...')
#4 {main}
CRITICAL - 2021-12-11 00:42:22 --> The framework needs the following extension(s) installed and loaded: intl.
#0 C:\Users\Lucas\XAMPP\htdocs\CREATE_API_REST\system\CodeIgniter.php(219): CodeIgniter\Exceptions\FrameworkException::forMissingExtension('intl')
#1 C:\Users\Lucas\XAMPP\htdocs\CREATE_API_REST\system\CodeIgniter.php(177): CodeIgniter\CodeIgniter->resolvePlatformExtensions()
#2 C:\Users\Lucas\XAMPP\htdocs\CREATE_API_REST\system\bootstrap.php(146): CodeIgniter\CodeIgniter->initialize()
#3 C:\Users\Lucas\XAMPP\htdocs\CREATE_API_REST\public\index.php(28): require('C:\\Users\\Lucas\\...')
#4 {main}
CRITICAL - 2021-12-11 00:42:59 --> The framework needs the following extension(s) installed and loaded: intl.
#0 C:\Users\Lucas\XAMPP\htdocs\CREATE_API_REST\system\CodeIgniter.php(219): CodeIgniter\Exceptions\FrameworkException::forMissingExtension('intl')
#1 C:\Users\Lucas\XAMPP\htdocs\CREATE_API_REST\system\CodeIgniter.php(177): CodeIgniter\CodeIgniter->resolvePlatformExtensions()
#2 C:\Users\Lucas\XAMPP\htdocs\CREATE_API_REST\system\bootstrap.php(146): CodeIgniter\CodeIgniter->initialize()
#3 C:\Users\Lucas\XAMPP\htdocs\CREATE_API_REST\public\index.php(28): require('C:\\Users\\Lucas\\...')
#4 {main}
CRITICAL - 2021-12-11 00:49:53 --> The framework needs the following extension(s) installed and loaded: intl.
#0 C:\Users\Lucas\XAMPP\htdocs\CREATE_API_REST\system\CodeIgniter.php(219): CodeIgniter\Exceptions\FrameworkException::forMissingExtension('intl')
#1 C:\Users\Lucas\XAMPP\htdocs\CREATE_API_REST\system\CodeIgniter.php(177): CodeIgniter\CodeIgniter->resolvePlatformExtensions()
#2 C:\Users\Lucas\XAMPP\htdocs\CREATE_API_REST\system\bootstrap.php(146): CodeIgniter\CodeIgniter->initialize()
#3 C:\Users\Lucas\XAMPP\htdocs\CREATE_API_REST\public\index.php(28): require('C:\\Users\\Lucas\\...')
#4 {main}
CRITICAL - 2021-12-11 00:53:13 --> The framework needs the following extension(s) installed and loaded: intl.
#0 C:\Users\Lucas\XAMPP\htdocs\CREATE_API_REST\system\CodeIgniter.php(219): CodeIgniter\Exceptions\FrameworkException::forMissingExtension('intl')
#1 C:\Users\Lucas\XAMPP\htdocs\CREATE_API_REST\system\CodeIgniter.php(177): CodeIgniter\CodeIgniter->resolvePlatformExtensions()
#2 C:\Users\Lucas\XAMPP\htdocs\CREATE_API_REST\system\bootstrap.php(146): CodeIgniter\CodeIgniter->initialize()
#3 C:\Users\Lucas\XAMPP\htdocs\CREATE_API_REST\public\index.php(28): require('C:\\Users\\Lucas\\...')
#4 {main}
CRITICAL - 2021-12-11 00:53:15 --> The framework needs the following extension(s) installed and loaded: intl.
#0 C:\Users\Lucas\XAMPP\htdocs\CREATE_API_REST\system\CodeIgniter.php(219): CodeIgniter\Exceptions\FrameworkException::forMissingExtension('intl')
#1 C:\Users\Lucas\XAMPP\htdocs\CREATE_API_REST\system\CodeIgniter.php(177): CodeIgniter\CodeIgniter->resolvePlatformExtensions()
#2 C:\Users\Lucas\XAMPP\htdocs\CREATE_API_REST\system\bootstrap.php(146): CodeIgniter\CodeIgniter->initialize()
#3 C:\Users\Lucas\XAMPP\htdocs\CREATE_API_REST\public\index.php(28): require('C:\\Users\\Lucas\\...')
#4 {main}
CRITICAL - 2021-12-11 00:55:12 --> The framework needs the following extension(s) installed and loaded: intl.
#0 C:\Users\Lucas\XAMPP\htdocs\CREATE_API_REST\system\CodeIgniter.php(219): CodeIgniter\Exceptions\FrameworkException::forMissingExtension('intl')
#1 C:\Users\Lucas\XAMPP\htdocs\CREATE_API_REST\system\CodeIgniter.php(177): CodeIgniter\CodeIgniter->resolvePlatformExtensions()
#2 C:\Users\Lucas\XAMPP\htdocs\CREATE_API_REST\system\bootstrap.php(146): CodeIgniter\CodeIgniter->initialize()
#3 C:\Users\Lucas\XAMPP\htdocs\CREATE_API_REST\public\index.php(28): require('C:\\Users\\Lucas\\...')
#4 {main}
CRITICAL - 2021-12-11 00:55:38 --> The framework needs the following extension(s) installed and loaded: intl.
#0 C:\Users\Lucas\XAMPP\htdocs\CREATE_API_REST\system\CodeIgniter.php(219): CodeIgniter\Exceptions\FrameworkException::forMissingExtension('intl')
#1 C:\Users\Lucas\XAMPP\htdocs\CREATE_API_REST\system\CodeIgniter.php(177): CodeIgniter\CodeIgniter->resolvePlatformExtensions()
#2 C:\Users\Lucas\XAMPP\htdocs\CREATE_API_REST\system\bootstrap.php(146): CodeIgniter\CodeIgniter->initialize()
#3 C:\Users\Lucas\XAMPP\htdocs\CREATE_API_REST\public\index.php(28): require('C:\\Users\\Lucas\\...')
#4 {main}
CRITICAL - 2021-12-11 00:59:01 --> The framework needs the following extension(s) installed and loaded: intl.
#0 C:\Users\Lucas\XAMPP\htdocs\CREATE_API_REST\system\CodeIgniter.php(219): CodeIgniter\Exceptions\FrameworkException::forMissingExtension('intl')
#1 C:\Users\Lucas\XAMPP\htdocs\CREATE_API_REST\system\CodeIgniter.php(177): CodeIgniter\CodeIgniter->resolvePlatformExtensions()
#2 C:\Users\Lucas\XAMPP\htdocs\CREATE_API_REST\system\bootstrap.php(146): CodeIgniter\CodeIgniter->initialize()
#3 C:\Users\Lucas\XAMPP\htdocs\CREATE_API_REST\public\index.php(28): require('C:\\Users\\Lucas\\...')
#4 {main}
CRITICAL - 2021-12-11 01:06:50 --> The framework needs the following extension(s) installed and loaded: intl.
#0 C:\Users\Lucas\XAMPP\htdocs\CREATE_API_REST\system\CodeIgniter.php(219): CodeIgniter\Exceptions\FrameworkException::forMissingExtension('intl')
#1 C:\Users\Lucas\XAMPP\htdocs\CREATE_API_REST\system\CodeIgniter.php(177): CodeIgniter\CodeIgniter->resolvePlatformExtensions()
#2 C:\Users\Lucas\XAMPP\htdocs\CREATE_API_REST\system\bootstrap.php(146): CodeIgniter\CodeIgniter->initialize()
#3 C:\Users\Lucas\XAMPP\htdocs\CREATE_API_REST\public\index.php(28): require('C:\\Users\\Lucas\\...')
#4 {main}
